<?xml version="1.0" encoding="utf-8"?><testsuites name="pytest tests"><testsuite name="pytest" errors="0" failures="0" skipped="0" tests="9" time="2.801" timestamp="2026-02-19T18:03:36.190957+00:00" hostname="agent-env-57545300-3e60-4521-a634-19195efcb91a"><testcase classname="tests.test_iteration4_payment_push.TestRazorpayPayment" name="test_create_order_plus_plan" time="0.356" /><testcase classname="tests.test_iteration4_payment_push.TestRazorpayPayment" name="test_create_order_premium_plan" time="0.189" /><testcase classname="tests.test_iteration4_payment_push.TestRazorpayPayment" name="test_create_order_invalid_plan" time="0.192" /><testcase classname="tests.test_iteration4_payment_push.TestRazorpayPayment" name="test_verify_payment_test_mode" time="0.327" /><testcase classname="tests.test_iteration4_payment_push.TestRazorpayPayment" name="test_get_subscription_after_payment" time="0.483" /><testcase classname="tests.test_iteration4_payment_push.TestRazorpayPayment" name="test_cancel_subscription" time="0.253" /><testcase classname="tests.test_iteration4_payment_push.TestExpoPushNotifications" name="test_register_push_token" time="0.143" /><testcase classname="tests.test_iteration4_payment_push.TestExpoPushNotifications" name="test_register_push_token_minimal" time="0.112" /><testcase classname="tests.test_iteration4_payment_push.TestExpoPushNotifications" name="test_send_reminder_push_notifications" time="0.711" /></testsuite></testsuites>