<?xml version="1.0" encoding="utf-8"?><testsuites name="pytest tests"><testsuite name="pytest" errors="1" failures="0" skipped="0" tests="1" time="0.123" timestamp="2026-02-19T18:03:24.000937+00:00" hostname="agent-env-57545300-3e60-4521-a634-19195efcb91a"><testcase classname="" name="tests.test_iteration4_payment_push" time="0.000"><error message="collection failure">tests/test_iteration4_payment_push.py:9: in &lt;module&gt;
    BASE_URL = os.environ.get('EXPO_PUBLIC_BACKEND_URL').rstrip('/')
               ^^^^^^^^^^^^^^^^^^^^^^^^^^^^^^^^^^^^^^^^^^^^^^^^
E   AttributeError: 'NoneType' object has no attribute 'rstrip'</error></testcase></testsuite></testsuites>