<?xml version="1.0" encoding="utf-8"?><testsuites name="pytest tests"><testsuite name="pytest" errors="0" failures="0" skipped="0" tests="18" time="19.390" timestamp="2026-02-19T16:03:54.646110+00:00" hostname="agent-env-57545300-3e60-4521-a634-19195efcb91a"><testcase classname="tests.test_touch_api.TestHealthAndSeed" name="test_api_root" time="0.409" /><testcase classname="tests.test_touch_api.TestHealthAndSeed" name="test_seed_data" time="0.286" /><testcase classname="tests.test_touch_api.TestContactsCRUD" name="test_get_contacts_list" time="0.169" /><testcase classname="tests.test_touch_api.TestContactsCRUD" name="test_create_contact_and_verify" time="0.237" /><testcase classname="tests.test_touch_api.TestContactsCRUD" name="test_get_single_contact" time="0.376" /><testcase classname="tests.test_touch_api.TestContactsCRUD" name="test_update_contact_and_verify" time="0.414" /><testcase classname="tests.test_touch_api.TestContactsCRUD" name="test_delete_contact_and_verify" time="0.299" /><testcase classname="tests.test_touch_api.TestInteractions" name="test_create_interaction_with_ai_summary" time="5.771" /><testcase classname="tests.test_touch_api.TestInteractions" name="test_get_interactions_for_contact" time="0.248" /><testcase classname="tests.test_touch_api.TestDashboard" name="test_get_dashboard_data" time="0.145" /><testcase classname="tests.test_touch_api.TestSettings" name="test_get_settings" time="0.128" /><testcase classname="tests.test_touch_api.TestSettings" name="test_update_settings_and_verify" time="0.384" /><testcase classname="tests.test_touch_api.TestGoals" name="test_create_goal_and_verify" time="0.312" /><testcase classname="tests.test_touch_api.TestGoals" name="test_get_goals" time="0.138" /><testcase classname="tests.test_touch_api.TestAIFeatures" name="test_get_call_prep" time="2.654" /><testcase classname="tests.test_touch_api.TestAIFeatures" name="test_get_insights" time="4.360" /><testcase classname="tests.test_touch_api.TestAIFeatures" name="test_get_conversation_prompts" time="2.858" /><testcase classname="tests.test_touch_api.TestDataManagement" name="test_export_data" time="0.122" /></testsuite></testsuites>