<?xml version="1.0" encoding="utf-8"?><testsuites name="pytest tests"><testsuite name="pytest" errors="0" failures="0" skipped="0" tests="8" time="1.154" timestamp="2026-02-19T17:02:59.409382+00:00" hostname="agent-env-57545300-3e60-4521-a634-19195efcb91a"><testcase classname="tests.test_iteration3_smoke.TestIteration3Smoke" name="test_health_check" time="0.159" /><testcase classname="tests.test_iteration3_smoke.TestIteration3Smoke" name="test_contacts_endpoint" time="0.121" /><testcase classname="tests.test_iteration3_smoke.TestIteration3Smoke" name="test_dashboard_endpoint" time="0.162" /><testcase classname="tests.test_iteration3_smoke.TestIteration3Smoke" name="test_settings_endpoint" time="0.140" /><testcase classname="tests.test_iteration3_smoke.TestIteration3Smoke" name="test_notifications_pending" time="0.111" /><testcase classname="tests.test_iteration3_smoke.TestIteration3Smoke" name="test_premium_status" time="0.173" /><testcase classname="tests.test_iteration3_smoke.TestIteration3Smoke" name="test_premium_upgrade" time="0.141" /><testcase classname="tests.test_iteration3_smoke.TestIteration3Smoke" name="test_widget_data" time="0.124" /></testsuite></testsuites>