<?xml version="1.0" encoding="utf-8"?><testsuites name="pytest tests"><testsuite name="pytest" errors="0" failures="18" skipped="0" tests="18" time="0.550" timestamp="2026-02-19T16:03:35.733313+00:00" hostname="agent-env-57545300-3e60-4521-a634-19195efcb91a"><testcase classname="tests.test_touch_api.TestHealthAndSeed" name="test_api_root" time="0.005"><failure message="requests.exceptions.MissingSchema: Invalid URL '/api/': No scheme supplied. Perhaps you meant https:///api/?">tests/test_touch_api.py:17: in test_api_root
    response = api_client.get(f"{BASE_URL}/api/")
               ^^^^^^^^^^^^^^^^^^^^^^^^^^^^^^^^^^
/root/.venv/lib/python3.11/site-packages/requests/sessions.py:602: in get
    return self.request("GET", url, **kwargs)
           ^^^^^^^^^^^^^^^^^^^^^^^^^^^^^^^^^^
/root/.venv/lib/python3.11/site-packages/requests/sessions.py:575: in request
    prep = self.prepare_request(req)
           ^^^^^^^^^^^^^^^^^^^^^^^^^
/root/.venv/lib/python3.11/site-packages/requests/sessions.py:484: in prepare_request
    p.prepare(
/root/.venv/lib/python3.11/site-packages/requests/models.py:367: in prepare
    self.prepare_url(url, params)
/root/.venv/lib/python3.11/site-packages/requests/models.py:438: in prepare_url
    raise MissingSchema(
E   requests.exceptions.MissingSchema: Invalid URL '/api/': No scheme supplied. Perhaps you meant https:///api/?</failure></testcase><testcase classname="tests.test_touch_api.TestHealthAndSeed" name="test_seed_data" time="0.001"><failure message="requests.exceptions.MissingSchema: Invalid URL '/api/seed': No scheme supplied. Perhaps you meant https:///api/seed?">tests/test_touch_api.py:26: in test_seed_data
    response = api_client.post(f"{BASE_URL}/api/seed")
               ^^^^^^^^^^^^^^^^^^^^^^^^^^^^^^^^^^^^^^^
/root/.venv/lib/python3.11/site-packages/requests/sessions.py:637: in post
    return self.request("POST", url, data=data, json=json, **kwargs)
           ^^^^^^^^^^^^^^^^^^^^^^^^^^^^^^^^^^^^^^^^^^^^^^^^^^^^^^^^^
/root/.venv/lib/python3.11/site-packages/requests/sessions.py:575: in request
    prep = self.prepare_request(req)
           ^^^^^^^^^^^^^^^^^^^^^^^^^
/root/.venv/lib/python3.11/site-packages/requests/sessions.py:484: in prepare_request
    p.prepare(
/root/.venv/lib/python3.11/site-packages/requests/models.py:367: in prepare
    self.prepare_url(url, params)
/root/.venv/lib/python3.11/site-packages/requests/models.py:438: in prepare_url
    raise MissingSchema(
E   requests.exceptions.MissingSchema: Invalid URL '/api/seed': No scheme supplied. Perhaps you meant https:///api/seed?</failure></testcase><testcase classname="tests.test_touch_api.TestContactsCRUD" name="test_get_contacts_list" time="0.001"><failure message="requests.exceptions.MissingSchema: Invalid URL '/api/contacts': No scheme supplied. Perhaps you meant https:///api/contacts?">tests/test_touch_api.py:38: in test_get_contacts_list
    response = api_client.get(f"{BASE_URL}/api/contacts")
               ^^^^^^^^^^^^^^^^^^^^^^^^^^^^^^^^^^^^^^^^^^
/root/.venv/lib/python3.11/site-packages/requests/sessions.py:602: in get
    return self.request("GET", url, **kwargs)
           ^^^^^^^^^^^^^^^^^^^^^^^^^^^^^^^^^^
/root/.venv/lib/python3.11/site-packages/requests/sessions.py:575: in request
    prep = self.prepare_request(req)
           ^^^^^^^^^^^^^^^^^^^^^^^^^
/root/.venv/lib/python3.11/site-packages/requests/sessions.py:484: in prepare_request
    p.prepare(
/root/.venv/lib/python3.11/site-packages/requests/models.py:367: in prepare
    self.prepare_url(url, params)
/root/.venv/lib/python3.11/site-packages/requests/models.py:438: in prepare_url
    raise MissingSchema(
E   requests.exceptions.MissingSchema: Invalid URL '/api/contacts': No scheme supplied. Perhaps you meant https:///api/contacts?</failure></testcase><testcase classname="tests.test_touch_api.TestContactsCRUD" name="test_create_contact_and_verify" time="0.001"><failure message="requests.exceptions.MissingSchema: Invalid URL '/api/contacts': No scheme supplied. Perhaps you meant https:///api/contacts?">tests/test_touch_api.py:64: in test_create_contact_and_verify
    create_response = api_client.post(
/root/.venv/lib/python3.11/site-packages/requests/sessions.py:637: in post
    return self.request("POST", url, data=data, json=json, **kwargs)
           ^^^^^^^^^^^^^^^^^^^^^^^^^^^^^^^^^^^^^^^^^^^^^^^^^^^^^^^^^
/root/.venv/lib/python3.11/site-packages/requests/sessions.py:575: in request
    prep = self.prepare_request(req)
           ^^^^^^^^^^^^^^^^^^^^^^^^^
/root/.venv/lib/python3.11/site-packages/requests/sessions.py:484: in prepare_request
    p.prepare(
/root/.venv/lib/python3.11/site-packages/requests/models.py:367: in prepare
    self.prepare_url(url, params)
/root/.venv/lib/python3.11/site-packages/requests/models.py:438: in prepare_url
    raise MissingSchema(
E   requests.exceptions.MissingSchema: Invalid URL '/api/contacts': No scheme supplied. Perhaps you meant https:///api/contacts?</failure></testcase><testcase classname="tests.test_touch_api.TestContactsCRUD" name="test_get_single_contact" time="0.001"><failure message="requests.exceptions.MissingSchema: Invalid URL '/api/contacts': No scheme supplied. Perhaps you meant https:///api/contacts?">tests/test_touch_api.py:90: in test_get_single_contact
    contacts = api_client.get(f"{BASE_URL}/api/contacts").json()
               ^^^^^^^^^^^^^^^^^^^^^^^^^^^^^^^^^^^^^^^^^^
/root/.venv/lib/python3.11/site-packages/requests/sessions.py:602: in get
    return self.request("GET", url, **kwargs)
           ^^^^^^^^^^^^^^^^^^^^^^^^^^^^^^^^^^
/root/.venv/lib/python3.11/site-packages/requests/sessions.py:575: in request
    prep = self.prepare_request(req)
           ^^^^^^^^^^^^^^^^^^^^^^^^^
/root/.venv/lib/python3.11/site-packages/requests/sessions.py:484: in prepare_request
    p.prepare(
/root/.venv/lib/python3.11/site-packages/requests/models.py:367: in prepare
    self.prepare_url(url, params)
/root/.venv/lib/python3.11/site-packages/requests/models.py:438: in prepare_url
    raise MissingSchema(
E   requests.exceptions.MissingSchema: Invalid URL '/api/contacts': No scheme supplied. Perhaps you meant https:///api/contacts?</failure></testcase><testcase classname="tests.test_touch_api.TestContactsCRUD" name="test_update_contact_and_verify" time="0.001"><failure message="requests.exceptions.MissingSchema: Invalid URL '/api/contacts': No scheme supplied. Perhaps you meant https:///api/contacts?">tests/test_touch_api.py:105: in test_update_contact_and_verify
    contacts = api_client.get(f"{BASE_URL}/api/contacts").json()
               ^^^^^^^^^^^^^^^^^^^^^^^^^^^^^^^^^^^^^^^^^^
/root/.venv/lib/python3.11/site-packages/requests/sessions.py:602: in get
    return self.request("GET", url, **kwargs)
           ^^^^^^^^^^^^^^^^^^^^^^^^^^^^^^^^^^
/root/.venv/lib/python3.11/site-packages/requests/sessions.py:575: in request
    prep = self.prepare_request(req)
           ^^^^^^^^^^^^^^^^^^^^^^^^^
/root/.venv/lib/python3.11/site-packages/requests/sessions.py:484: in prepare_request
    p.prepare(
/root/.venv/lib/python3.11/site-packages/requests/models.py:367: in prepare
    self.prepare_url(url, params)
/root/.venv/lib/python3.11/site-packages/requests/models.py:438: in prepare_url
    raise MissingSchema(
E   requests.exceptions.MissingSchema: Invalid URL '/api/contacts': No scheme supplied. Perhaps you meant https:///api/contacts?</failure></testcase><testcase classname="tests.test_touch_api.TestContactsCRUD" name="test_delete_contact_and_verify" time="0.001"><failure message="requests.exceptions.MissingSchema: Invalid URL '/api/contacts': No scheme supplied. Perhaps you meant https:///api/contacts?">tests/test_touch_api.py:135: in test_delete_contact_and_verify
    created = api_client.post(f"{BASE_URL}/api/contacts", json=create_payload).json()
              ^^^^^^^^^^^^^^^^^^^^^^^^^^^^^^^^^^^^^^^^^^^^^^^^^^^^^^^^^^^^^^^^
/root/.venv/lib/python3.11/site-packages/requests/sessions.py:637: in post
    return self.request("POST", url, data=data, json=json, **kwargs)
           ^^^^^^^^^^^^^^^^^^^^^^^^^^^^^^^^^^^^^^^^^^^^^^^^^^^^^^^^^
/root/.venv/lib/python3.11/site-packages/requests/sessions.py:575: in request
    prep = self.prepare_request(req)
           ^^^^^^^^^^^^^^^^^^^^^^^^^
/root/.venv/lib/python3.11/site-packages/requests/sessions.py:484: in prepare_request
    p.prepare(
/root/.venv/lib/python3.11/site-packages/requests/models.py:367: in prepare
    self.prepare_url(url, params)
/root/.venv/lib/python3.11/site-packages/requests/models.py:438: in prepare_url
    raise MissingSchema(
E   requests.exceptions.MissingSchema: Invalid URL '/api/contacts': No scheme supplied. Perhaps you meant https:///api/contacts?</failure></testcase><testcase classname="tests.test_touch_api.TestInteractions" name="test_create_interaction_with_ai_summary" time="0.001"><failure message="requests.exceptions.MissingSchema: Invalid URL '/api/contacts': No scheme supplied. Perhaps you meant https:///api/contacts?">tests/test_touch_api.py:156: in test_create_interaction_with_ai_summary
    contacts = api_client.get(f"{BASE_URL}/api/contacts").json()
               ^^^^^^^^^^^^^^^^^^^^^^^^^^^^^^^^^^^^^^^^^^
/root/.venv/lib/python3.11/site-packages/requests/sessions.py:602: in get
    return self.request("GET", url, **kwargs)
           ^^^^^^^^^^^^^^^^^^^^^^^^^^^^^^^^^^
/root/.venv/lib/python3.11/site-packages/requests/sessions.py:575: in request
    prep = self.prepare_request(req)
           ^^^^^^^^^^^^^^^^^^^^^^^^^
/root/.venv/lib/python3.11/site-packages/requests/sessions.py:484: in prepare_request
    p.prepare(
/root/.venv/lib/python3.11/site-packages/requests/models.py:367: in prepare
    self.prepare_url(url, params)
/root/.venv/lib/python3.11/site-packages/requests/models.py:438: in prepare_url
    raise MissingSchema(
E   requests.exceptions.MissingSchema: Invalid URL '/api/contacts': No scheme supplied. Perhaps you meant https:///api/contacts?</failure></testcase><testcase classname="tests.test_touch_api.TestInteractions" name="test_get_interactions_for_contact" time="0.001"><failure message="requests.exceptions.MissingSchema: Invalid URL '/api/contacts': No scheme supplied. Perhaps you meant https:///api/contacts?">tests/test_touch_api.py:188: in test_get_interactions_for_contact
    contacts = api_client.get(f"{BASE_URL}/api/contacts").json()
               ^^^^^^^^^^^^^^^^^^^^^^^^^^^^^^^^^^^^^^^^^^
/root/.venv/lib/python3.11/site-packages/requests/sessions.py:602: in get
    return self.request("GET", url, **kwargs)
           ^^^^^^^^^^^^^^^^^^^^^^^^^^^^^^^^^^
/root/.venv/lib/python3.11/site-packages/requests/sessions.py:575: in request
    prep = self.prepare_request(req)
           ^^^^^^^^^^^^^^^^^^^^^^^^^
/root/.venv/lib/python3.11/site-packages/requests/sessions.py:484: in prepare_request
    p.prepare(
/root/.venv/lib/python3.11/site-packages/requests/models.py:367: in prepare
    self.prepare_url(url, params)
/root/.venv/lib/python3.11/site-packages/requests/models.py:438: in prepare_url
    raise MissingSchema(
E   requests.exceptions.MissingSchema: Invalid URL '/api/contacts': No scheme supplied. Perhaps you meant https:///api/contacts?</failure></testcase><testcase classname="tests.test_touch_api.TestDashboard" name="test_get_dashboard_data" time="0.001"><failure message="requests.exceptions.MissingSchema: Invalid URL '/api/dashboard': No scheme supplied. Perhaps you meant https:///api/dashboard?">tests/test_touch_api.py:204: in test_get_dashboard_data
    response = api_client.get(f"{BASE_URL}/api/dashboard")
               ^^^^^^^^^^^^^^^^^^^^^^^^^^^^^^^^^^^^^^^^^^^
/root/.venv/lib/python3.11/site-packages/requests/sessions.py:602: in get
    return self.request("GET", url, **kwargs)
           ^^^^^^^^^^^^^^^^^^^^^^^^^^^^^^^^^^
/root/.venv/lib/python3.11/site-packages/requests/sessions.py:575: in request
    prep = self.prepare_request(req)
           ^^^^^^^^^^^^^^^^^^^^^^^^^
/root/.venv/lib/python3.11/site-packages/requests/sessions.py:484: in prepare_request
    p.prepare(
/root/.venv/lib/python3.11/site-packages/requests/models.py:367: in prepare
    self.prepare_url(url, params)
/root/.venv/lib/python3.11/site-packages/requests/models.py:438: in prepare_url
    raise MissingSchema(
E   requests.exceptions.MissingSchema: Invalid URL '/api/dashboard': No scheme supplied. Perhaps you meant https:///api/dashboard?</failure></testcase><testcase classname="tests.test_touch_api.TestSettings" name="test_get_settings" time="0.001"><failure message="requests.exceptions.MissingSchema: Invalid URL '/api/settings': No scheme supplied. Perhaps you meant https:///api/settings?">tests/test_touch_api.py:233: in test_get_settings
    response = api_client.get(f"{BASE_URL}/api/settings")
               ^^^^^^^^^^^^^^^^^^^^^^^^^^^^^^^^^^^^^^^^^^
/root/.venv/lib/python3.11/site-packages/requests/sessions.py:602: in get
    return self.request("GET", url, **kwargs)
           ^^^^^^^^^^^^^^^^^^^^^^^^^^^^^^^^^^
/root/.venv/lib/python3.11/site-packages/requests/sessions.py:575: in request
    prep = self.prepare_request(req)
           ^^^^^^^^^^^^^^^^^^^^^^^^^
/root/.venv/lib/python3.11/site-packages/requests/sessions.py:484: in prepare_request
    p.prepare(
/root/.venv/lib/python3.11/site-packages/requests/models.py:367: in prepare
    self.prepare_url(url, params)
/root/.venv/lib/python3.11/site-packages/requests/models.py:438: in prepare_url
    raise MissingSchema(
E   requests.exceptions.MissingSchema: Invalid URL '/api/settings': No scheme supplied. Perhaps you meant https:///api/settings?</failure></testcase><testcase classname="tests.test_touch_api.TestSettings" name="test_update_settings_and_verify" time="0.001"><failure message="requests.exceptions.MissingSchema: Invalid URL '/api/settings': No scheme supplied. Perhaps you meant https:///api/settings?">tests/test_touch_api.py:252: in test_update_settings_and_verify
    update_response = api_client.put(
/root/.venv/lib/python3.11/site-packages/requests/sessions.py:649: in put
    return self.request("PUT", url, data=data, **kwargs)
           ^^^^^^^^^^^^^^^^^^^^^^^^^^^^^^^^^^^^^^^^^^^^^
/root/.venv/lib/python3.11/site-packages/requests/sessions.py:575: in request
    prep = self.prepare_request(req)
           ^^^^^^^^^^^^^^^^^^^^^^^^^
/root/.venv/lib/python3.11/site-packages/requests/sessions.py:484: in prepare_request
    p.prepare(
/root/.venv/lib/python3.11/site-packages/requests/models.py:367: in prepare
    self.prepare_url(url, params)
/root/.venv/lib/python3.11/site-packages/requests/models.py:438: in prepare_url
    raise MissingSchema(
E   requests.exceptions.MissingSchema: Invalid URL '/api/settings': No scheme supplied. Perhaps you meant https:///api/settings?</failure></testcase><testcase classname="tests.test_touch_api.TestGoals" name="test_create_goal_and_verify" time="0.001"><failure message="requests.exceptions.MissingSchema: Invalid URL '/api/goals': No scheme supplied. Perhaps you meant https:///api/goals?">tests/test_touch_api.py:283: in test_create_goal_and_verify
    create_response = api_client.post(
/root/.venv/lib/python3.11/site-packages/requests/sessions.py:637: in post
    return self.request("POST", url, data=data, json=json, **kwargs)
           ^^^^^^^^^^^^^^^^^^^^^^^^^^^^^^^^^^^^^^^^^^^^^^^^^^^^^^^^^
/root/.venv/lib/python3.11/site-packages/requests/sessions.py:575: in request
    prep = self.prepare_request(req)
           ^^^^^^^^^^^^^^^^^^^^^^^^^
/root/.venv/lib/python3.11/site-packages/requests/sessions.py:484: in prepare_request
    p.prepare(
/root/.venv/lib/python3.11/site-packages/requests/models.py:367: in prepare
    self.prepare_url(url, params)
/root/.venv/lib/python3.11/site-packages/requests/models.py:438: in prepare_url
    raise MissingSchema(
E   requests.exceptions.MissingSchema: Invalid URL '/api/goals': No scheme supplied. Perhaps you meant https:///api/goals?</failure></testcase><testcase classname="tests.test_touch_api.TestGoals" name="test_get_goals" time="0.001"><failure message="requests.exceptions.MissingSchema: Invalid URL '/api/goals': No scheme supplied. Perhaps you meant https:///api/goals?">tests/test_touch_api.py:305: in test_get_goals
    response = api_client.get(f"{BASE_URL}/api/goals")
               ^^^^^^^^^^^^^^^^^^^^^^^^^^^^^^^^^^^^^^^
/root/.venv/lib/python3.11/site-packages/requests/sessions.py:602: in get
    return self.request("GET", url, **kwargs)
           ^^^^^^^^^^^^^^^^^^^^^^^^^^^^^^^^^^
/root/.venv/lib/python3.11/site-packages/requests/sessions.py:575: in request
    prep = self.prepare_request(req)
           ^^^^^^^^^^^^^^^^^^^^^^^^^
/root/.venv/lib/python3.11/site-packages/requests/sessions.py:484: in prepare_request
    p.prepare(
/root/.venv/lib/python3.11/site-packages/requests/models.py:367: in prepare
    self.prepare_url(url, params)
/root/.venv/lib/python3.11/site-packages/requests/models.py:438: in prepare_url
    raise MissingSchema(
E   requests.exceptions.MissingSchema: Invalid URL '/api/goals': No scheme supplied. Perhaps you meant https:///api/goals?</failure></testcase><testcase classname="tests.test_touch_api.TestAIFeatures" name="test_get_call_prep" time="0.001"><failure message="requests.exceptions.MissingSchema: Invalid URL '/api/contacts': No scheme supplied. Perhaps you meant https:///api/contacts?">tests/test_touch_api.py:318: in test_get_call_prep
    contacts = api_client.get(f"{BASE_URL}/api/contacts").json()
               ^^^^^^^^^^^^^^^^^^^^^^^^^^^^^^^^^^^^^^^^^^
/root/.venv/lib/python3.11/site-packages/requests/sessions.py:602: in get
    return self.request("GET", url, **kwargs)
           ^^^^^^^^^^^^^^^^^^^^^^^^^^^^^^^^^^
/root/.venv/lib/python3.11/site-packages/requests/sessions.py:575: in request
    prep = self.prepare_request(req)
           ^^^^^^^^^^^^^^^^^^^^^^^^^
/root/.venv/lib/python3.11/site-packages/requests/sessions.py:484: in prepare_request
    p.prepare(
/root/.venv/lib/python3.11/site-packages/requests/models.py:367: in prepare
    self.prepare_url(url, params)
/root/.venv/lib/python3.11/site-packages/requests/models.py:438: in prepare_url
    raise MissingSchema(
E   requests.exceptions.MissingSchema: Invalid URL '/api/contacts': No scheme supplied. Perhaps you meant https:///api/contacts?</failure></testcase><testcase classname="tests.test_touch_api.TestAIFeatures" name="test_get_insights" time="0.001"><failure message="requests.exceptions.MissingSchema: Invalid URL '/api/ai/insights': No scheme supplied. Perhaps you meant https:///api/ai/insights?">tests/test_touch_api.py:335: in test_get_insights
    response = api_client.get(f"{BASE_URL}/api/ai/insights")
               ^^^^^^^^^^^^^^^^^^^^^^^^^^^^^^^^^^^^^^^^^^^^^
/root/.venv/lib/python3.11/site-packages/requests/sessions.py:602: in get
    return self.request("GET", url, **kwargs)
           ^^^^^^^^^^^^^^^^^^^^^^^^^^^^^^^^^^
/root/.venv/lib/python3.11/site-packages/requests/sessions.py:575: in request
    prep = self.prepare_request(req)
           ^^^^^^^^^^^^^^^^^^^^^^^^^
/root/.venv/lib/python3.11/site-packages/requests/sessions.py:484: in prepare_request
    p.prepare(
/root/.venv/lib/python3.11/site-packages/requests/models.py:367: in prepare
    self.prepare_url(url, params)
/root/.venv/lib/python3.11/site-packages/requests/models.py:438: in prepare_url
    raise MissingSchema(
E   requests.exceptions.MissingSchema: Invalid URL '/api/ai/insights': No scheme supplied. Perhaps you meant https:///api/ai/insights?</failure></testcase><testcase classname="tests.test_touch_api.TestAIFeatures" name="test_get_conversation_prompts" time="0.001"><failure message="requests.exceptions.MissingSchema: Invalid URL '/api/contacts': No scheme supplied. Perhaps you meant https:///api/contacts?">tests/test_touch_api.py:349: in test_get_conversation_prompts
    contacts = api_client.get(f"{BASE_URL}/api/contacts").json()
               ^^^^^^^^^^^^^^^^^^^^^^^^^^^^^^^^^^^^^^^^^^
/root/.venv/lib/python3.11/site-packages/requests/sessions.py:602: in get
    return self.request("GET", url, **kwargs)
           ^^^^^^^^^^^^^^^^^^^^^^^^^^^^^^^^^^
/root/.venv/lib/python3.11/site-packages/requests/sessions.py:575: in request
    prep = self.prepare_request(req)
           ^^^^^^^^^^^^^^^^^^^^^^^^^
/root/.venv/lib/python3.11/site-packages/requests/sessions.py:484: in prepare_request
    p.prepare(
/root/.venv/lib/python3.11/site-packages/requests/models.py:367: in prepare
    self.prepare_url(url, params)
/root/.venv/lib/python3.11/site-packages/requests/models.py:438: in prepare_url
    raise MissingSchema(
E   requests.exceptions.MissingSchema: Invalid URL '/api/contacts': No scheme supplied. Perhaps you meant https:///api/contacts?</failure></testcase><testcase classname="tests.test_touch_api.TestDataManagement" name="test_export_data" time="0.001"><failure message="requests.exceptions.MissingSchema: Invalid URL '/api/data/export': No scheme supplied. Perhaps you meant https:///api/data/export?">tests/test_touch_api.py:366: in test_export_data
    response = api_client.get(f"{BASE_URL}/api/data/export")
               ^^^^^^^^^^^^^^^^^^^^^^^^^^^^^^^^^^^^^^^^^^^^^
/root/.venv/lib/python3.11/site-packages/requests/sessions.py:602: in get
    return self.request("GET", url, **kwargs)
           ^^^^^^^^^^^^^^^^^^^^^^^^^^^^^^^^^^
/root/.venv/lib/python3.11/site-packages/requests/sessions.py:575: in request
    prep = self.prepare_request(req)
           ^^^^^^^^^^^^^^^^^^^^^^^^^
/root/.venv/lib/python3.11/site-packages/requests/sessions.py:484: in prepare_request
    p.prepare(
/root/.venv/lib/python3.11/site-packages/requests/models.py:367: in prepare
    self.prepare_url(url, params)
/root/.venv/lib/python3.11/site-packages/requests/models.py:438: in prepare_url
    raise MissingSchema(
E   requests.exceptions.MissingSchema: Invalid URL '/api/data/export': No scheme supplied. Perhaps you meant https:///api/data/export?</failure></testcase></testsuite></testsuites>