<?xml version="1.0" encoding="utf-8"?><testsuites name="pytest tests"><testsuite name="pytest" errors="0" failures="2" skipped="0" tests="8" time="2.169" timestamp="2026-02-19T17:02:36.290982+00:00" hostname="agent-env-57545300-3e60-4521-a634-19195efcb91a"><testcase classname="tests.test_iteration3_smoke.TestIteration3Smoke" name="test_health_check" time="0.325"><failure message="AssertionError: assert 'status' in {'message': 'Touch API is running', 'version': '1.0'}">tests/test_iteration3_smoke.py:21: in test_health_check
    assert "status" in data
E   AssertionError: assert 'status' in {'message': 'Touch API is running', 'version': '1.0'}</failure></testcase><testcase classname="tests.test_iteration3_smoke.TestIteration3Smoke" name="test_contacts_endpoint" time="0.176" /><testcase classname="tests.test_iteration3_smoke.TestIteration3Smoke" name="test_dashboard_endpoint" time="0.304" /><testcase classname="tests.test_iteration3_smoke.TestIteration3Smoke" name="test_settings_endpoint" time="0.287" /><testcase classname="tests.test_iteration3_smoke.TestIteration3Smoke" name="test_notifications_pending" time="0.207" /><testcase classname="tests.test_iteration3_smoke.TestIteration3Smoke" name="test_premium_status" time="0.201" /><testcase classname="tests.test_iteration3_smoke.TestIteration3Smoke" name="test_premium_upgrade" time="0.284" /><testcase classname="tests.test_iteration3_smoke.TestIteration3Smoke" name="test_widget_data" time="0.291"><failure message="AssertionError: assert 'top_contacts' in {'overall_score': 24.7, 'pinned_contacts': [{'avatar_color': '#2D6A4F', 'health': 98.6, 'name': 'Mom', 'relationship_tag': 'Family'}, {'avatar_color': '#95D5B2', 'health': 0.0, 'name': 'Dad', 'relationship_tag': 'Family'}, {'avatar_color': '#2D6A4F', 'health': 0.0, 'name': 'Sarah', 'relationship_tag': 'Friend'}, {'avatar_color': '#E76F51', 'health': 0.0, 'name': 'Jamie', 'relationship_tag': 'Partner'}], 'suggested_name': 'Dad'}">tests/test_iteration3_smoke.py:76: in test_widget_data
    assert "top_contacts" in data
E   AssertionError: assert 'top_contacts' in {'overall_score': 24.7, 'pinned_contacts': [{'avatar_color': '#2D6A4F', 'health': 98.6, 'name': 'Mom', 'relationship_tag': 'Family'}, {'avatar_color': '#95D5B2', 'health': 0.0, 'name': 'Dad', 'relationship_tag': 'Family'}, {'avatar_color': '#2D6A4F', 'health': 0.0, 'name': 'Sarah', 'relationship_tag': 'Friend'}, {'avatar_color': '#E76F51', 'health': 0.0, 'name': 'Jamie', 'relationship_tag': 'Partner'}], 'suggested_name': 'Dad'}</failure></testcase></testsuite></testsuites>