<?xml version="1.0" encoding="utf-8"?><testsuites name="pytest tests"><testsuite name="pytest" errors="0" failures="0" skipped="0" tests="7" time="5.374" timestamp="2026-02-19T16:22:31.373057+00:00" hostname="agent-env-57545300-3e60-4521-a634-19195efcb91a"><testcase classname="tests.test_iteration2_new_features.TestNotificationsReminders" name="test_get_pending_reminders" time="0.350" /><testcase classname="tests.test_iteration2_new_features.TestSharedMode" name="test_create_shared_invite_and_verify" time="0.205" /><testcase classname="tests.test_iteration2_new_features.TestSharedMode" name="test_get_shared_invites" time="0.176" /><testcase classname="tests.test_iteration2_new_features.TestCalendarSuggestions" name="test_get_suggested_times" time="4.082" /><testcase classname="tests.test_iteration2_new_features.TestPremiumFeatures" name="test_get_premium_status" time="0.136" /><testcase classname="tests.test_iteration2_new_features.TestPremiumFeatures" name="test_upgrade_premium_and_verify" time="0.188" /><testcase classname="tests.test_iteration2_new_features.TestWidgetData" name="test_get_widget_data" time="0.182" /></testsuite></testsuites>